<?xml version="1.0" encoding="UTF-8"?>
<!-- Generated by org.testng.reporters.JUnitReportReporter -->
<testsuite hostname="Nanithan" failures="0" tests="1" name="com.selenium.testsuites.S10_42VerifyAlertForWorkType" time="56.392" errors="0" timestamp="2023-11-11T22:07:09 IST" skipped="0">
  <testcase classname="com.selenium.testsuites.S10_42VerifyAlertForWorkType" name="MandatoryFieldForWorkType" time="56.392"/>
  <system-out/>
</testsuite> <!-- com.selenium.testsuites.S10_42VerifyAlertForWorkType -->
